{
"/Users/zabe/zz/mooggenerator/generator-moog/generators/app/index.js":{"path":"/Users/zabe/zz/mooggenerator/generator-moog/generators/app/index.js","s":{"1":1,"2":1,"3":1,"4":1,"5":1,"6":1,"7":1,"8":1,"9":1,"10":1},"b":{},"f":{"1":1,"2":1,"3":1,"4":1},"fnMap":{"1":{"name":"(anonymous_1)","line":7,"loc":{"start":{"line":7,"column":13},"end":{"line":7,"column":25}}},"2":{"name":"(anonymous_2)","line":20,"loc":{"start":{"line":20,"column":37},"end":{"line":20,"column":54}}},"3":{"name":"(anonymous_3)","line":26,"loc":{"start":{"line":26,"column":11},"end":{"line":26,"column":23}}},"4":{"name":"(anonymous_4)","line":33,"loc":{"start":{"line":33,"column":11},"end":{"line":33,"column":23}}}},"statementMap":{"1":{"start":{"line":2,"column":0},"end":{"line":2,"column":41}},"2":{"start":{"line":3,"column":0},"end":{"line":3,"column":29}},"3":{"start":{"line":4,"column":0},"end":{"line":4,"column":29}},"4":{"start":{"line":6,"column":0},"end":{"line":36,"column":3}},"5":{"start":{"line":9,"column":4},"end":{"line":11,"column":7}},"6":{"start":{"line":13,"column":4},"end":{"line":18,"column":7}},"7":{"start":{"line":20,"column":4},"end":{"line":23,"column":18}},"8":{"start":{"line":22,"column":6},"end":{"line":22,"column":25}},"9":{"start":{"line":27,"column":4},"end":{"line":30,"column":6}},"10":{"start":{"line":34,"column":4},"end":{"line":34,"column":31}}},"branchMap":{},"l":{"2":1,"3":1,"4":1,"6":1,"9":1,"13":1,"20":1,"22":1,"27":1,"34":1}}}
